#
# A fatal error has been detected by the Java Runtime Environment:
#
#  EXCEPTION_ACCESS_VIOLATION (0xc0000005) at pc=0x00007ffac3e4eefc, pid=5760, tid=10396
#
# JRE version: Java(TM) SE Runtime Environment (14.0.2+12) (build 14.0.2+12-46)
# Java VM: Java HotSpot(TM) 64-Bit Server VM (14.0.2+12-46, mixed mode, sharing, tiered, compressed oops, g1 gc, windows-amd64)
# Problematic frame:
# V  [jvm.dll+0x2eeefc]
#
# No core dump will be written. Minidumps are not enabled by default on client versions of Windows
#
# If you would like to submit a bug report, please visit:
#   https://bugreport.java.com/bugreport/crash.jsp
#

---------------  S U M M A R Y ------------

Command Line: -XX:+ShowCodeDetailsInExceptionMessages -agentlib:jdwp=transport=dt_socket,suspend=y,address=localhost:53970 -javaagent:C:\Users\villu\eclipse\jee-2020-06\eclipse\configuration\org.eclipse.osgi\1096\0\.cp\lib\javaagent-shaded.jar -Dfile.encoding=Cp1252 com.basic.java.ExcerciseClass

Host: Intel(R) Core(TM) i5-9300H CPU @ 2.40GHz, 8 cores, 7G,  Windows 10 , 64 bit Build 19041 (10.0.19041.804)
Time: Fri Feb 19 10:29:16 2021 India Standard Time elapsed time: 135 seconds (0d 0h 2m 15s)

---------------  T H R E A D  ---------------

Current thread (0x00000271ab496800):  JavaThread "JDWP Transport Listener: dt_socket" daemon [_thread_in_vm, id=10396, stack(0x000000f6b5300000,0x000000f6b5400000)] _threads_hazard_ptr=0x00000271ab5e0ea0

Stack: [0x000000f6b5300000,0x000000f6b5400000],  sp=0x000000f6b53fedf0,  free space=1019k
Native frames: (J=compiled Java code, j=interpreted, Vv=VM code, C=native code)
V  [jvm.dll+0x2eeefc]
V  [jvm.dll+0x2f0f72]
V  [jvm.dll+0x2f18fe]
V  [jvm.dll+0x2ef19c]
V  [jvm.dll+0x2ee3d2]
V  [jvm.dll+0x5e7b55]
V  [jvm.dll+0x5e78dd]
V  [jvm.dll+0x5af8e3]
V  [jvm.dll+0x739aef]
V  [jvm.dll+0x4bee61]
V  [jvm.dll+0x74908b]
V  [jvm.dll+0x4a54ee]
V  [jvm.dll+0x46ee7b]
C  [jdwp.dll+0x7bbc]


siginfo: EXCEPTION_ACCESS_VIOLATION (0xc0000005), reading address 0x0000000000000006


Register to memory mapping:

RIP=0x00007ffac3e4eefc jvm.dll
RAX=0x0 is NULL
RBX=0x000000f6b53ff0a0 is pointing into the stack for thread: 0x00000271ab496800
RCX=0x0 is NULL
RDX=0x0 is NULL
RSP=0x000000f6b53fedf0 is pointing into the stack for thread: 0x00000271ab496800
RBP=0x0000000000000001 is an unknown value
RSI=0x0000000000000001 is an unknown value
RDI=0x00007ffac459fe48 jvm.dll
R8 =0x0 is NULL
R9 =0x00000271aae18078 is pointing into metadata
R10=0x00000271ab4a94c0 points into unknown readable memory: 00 00 00 47 00 00 00 00
R11=0x00000271ab4a9480 points into unknown readable memory: 00 00 00 47 00 00 00 00
R12=0x00000271ab4a9430 points into unknown readable memory: 00 c3 45 8a 13 00 00 00
R13=0x0000000000000050 is an unknown value
R14=0x00000271aae18470 is pointing into metadata
R15=0x000000000000001b is an unknown value


Registers:
RAX=0x0000000000000000, RBX=0x000000f6b53ff0a0, RCX=0x0000000000000000, RDX=0x0000000000000000
RSP=0x000000f6b53fedf0, RBP=0x0000000000000001, RSI=0x0000000000000001, RDI=0x00007ffac459fe48
R8 =0x0000000000000000, R9 =0x00000271aae18078, R10=0x00000271ab4a94c0, R11=0x00000271ab4a9480
R12=0x00000271ab4a9430, R13=0x0000000000000050, R14=0x00000271aae18470, R15=0x000000000000001b
RIP=0x00007ffac3e4eefc, EFLAGS=0x0000000000010206

Top of Stack: (sp=0x000000f6b53fedf0)
0x000000f6b53fedf0:   000000f6b53ff0a0 00007ffac3e51fac
0x000000f6b53fee00:   000000f6b53ff0a0 000000f6b53fee10
0x000000f6b53fee10:   000000f600000000 00007ffac3c68d6e
0x000000f6b53fee20:   000000f6b53fef00 00007ffac3d6471d
0x000000f6b53fee30:   000004e3c2427b42 000000f6b53ff0a0
0x000000f6b53fee40:   00000271aae18470 000000f6b53fef00
0x000000f6b53fee50:   000000f6b53ff0a0 00007ffac3e50f72
0x000000f6b53fee60:   000000f6b53ff0a0 0000000000000013
0x000000f6b53fee70:   0000000000000001 00007ffac3e6350a
0x000000f6b53fee80:   000000f600000013 6666666666666667
0x000000f6b53fee90:   0000000000000000 00000271aae18470
0x000000f6b53feea0:   000000f6b53fef00 00007ffac3c68d6e
0x000000f6b53feeb0:   00000271aae18498 00000271ab4a94a0
0x000000f6b53feec0:   000000000000001b 00000000000000a7
0x000000f6b53feed0:   6666666666666667 00007ffac3e518fe
0x000000f6b53feee0:   000000f6b53ff0a0 000000f6b53fef30 

Instructions: (pc=0x00007ffac3e4eefc)
0x00007ffac3e4edfc:   81 8b 75 58 41 81 e0 ff ff ff 00 41 81 c8 00 00
0x00007ffac3e4ee0c:   00 47 48 8b cd 45 89 06 c7 45 58 01 00 00 00 e8
0x00007ffac3e4ee1c:   20 3a 00 00 66 83 7c 24 68 00 41 89 1e 89 75 58
0x00007ffac3e4ee2c:   74 40 8b 4c 24 70 49 ff c7 0f b7 c1 48 83 c7 08
0x00007ffac3e4ee3c:   4c 3b f8 0f 8c 4b ff ff ff 83 7d 5c 00 74 23 48
0x00007ffac3e4ee4c:   83 3d fd 10 75 00 00 74 15 80 7d 42 00 74 0f 48
0x00007ffac3e4ee5c:   8d 15 16 6c 56 00 48 8b cd e8 76 44 00 00 c6 45
0x00007ffac3e4ee6c:   42 00 4c 8b 74 24 28 4c 8b 6c 24 30 4c 8b 64 24
0x00007ffac3e4ee7c:   38 48 8b 7c 24 40 48 8b 74 24 48 48 8b 5c 24 60
0x00007ffac3e4ee8c:   4c 8b 7c 24 20 48 83 c4 50 5d c3 cc cc cc cc cc
0x00007ffac3e4ee9c:   cc cc cc cc 48 89 5c 24 10 48 89 6c 24 18 56 57
0x00007ffac3e4eeac:   41 56 48 83 ec 50 48 8b 05 3f 49 70 00 48 33 c4
0x00007ffac3e4eebc:   48 89 44 24 40 48 8b 41 08 48 8b d9 41 8b e8 8b
0x00007ffac3e4eecc:   f2 45 33 c0 41 8b d1 48 8b 48 08 48 8b 79 08 48
0x00007ffac3e4eedc:   8b cf e8 7d 77 f1 ff 8b d0 48 8b cf e8 c3 a0 f1
0x00007ffac3e4eeec:   ff 48 63 c8 48 8b 44 cf 40 48 8d 3d 4c 0f 75 00
0x00007ffac3e4eefc:   0f b6 48 06 8b 05 3e 0f 75 00 80 f9 4c 74 2b 80
0x00007ffac3e4ef0c:   f9 5b 74 26 80 f9 4a 74 18 80 f9 44 74 13 80 f9
0x00007ffac3e4ef1c:   56 48 8d 15 34 0f 75 00 4c 8b d7 4c 0f 45 d2 eb
0x00007ffac3e4ef2c:   29 4c 8d 15 54 0f 75 00 eb 20 8b 8c 24 90 00 00
0x00007ffac3e4ef3c:   00 4c 8d 54 24 30 81 e1 ff ff ff 00 89 44 24 34
0x00007ffac3e4ef4c:   81 c9 00 00 00 46 89 4c 24 30 45 33 c0 85 f6 74
0x00007ffac3e4ef5c:   05 49 8b fa eb 2a 41 8b 0a 85 c9 74 23 49 8b d0
0x00007ffac3e4ef6c:   4d 8b c8 90 42 89 4c 0c 20 48 8d 52 01 4c 8d 0c
0x00007ffac3e4ef7c:   95 00 00 00 00 41 ff c0 43 8b 0c 11 85 c9 75 e4
0x00007ffac3e4ef8c:   85 ed 75 10 8b 0d ee 13 6d 00 49 63 d0 41 ff c0
0x00007ffac3e4ef9c:   89 4c 94 20 49 63 c8 4c 8d 74 24 20 89 44 8c 20
0x00007ffac3e4efac:   8b 74 24 20 85 f6 74 4c 48 63 53 58 85 d2 7f 18
0x00007ffac3e4efbc:   48 8d 15 7d 82 52 00 48 8b cb e8 15 4e 00 00 44
0x00007ffac3e4efcc:   8b 05 7e 0e 75 00 eb 16 48 63 4b 20 8d 42 ff 89
0x00007ffac3e4efdc:   43 58 48 03 ca 48 8b 43 48 44 8b 44 88 fc 8b d6
0x00007ffac3e4efec:   48 8b cb e8 1c f1 ff ff 41 8b 76 04 49 83 c6 04 


Stack slot to memory mapping:
stack at sp + 0 slots: 0x000000f6b53ff0a0 is pointing into the stack for thread: 0x00000271ab496800
stack at sp + 1 slots: 0x00007ffac3e51fac jvm.dll
stack at sp + 2 slots: 0x000000f6b53ff0a0 is pointing into the stack for thread: 0x00000271ab496800
stack at sp + 3 slots: 0x000000f6b53fee10 is pointing into the stack for thread: 0x00000271ab496800
stack at sp + 4 slots: 0x000000f600000000 is an unknown value
stack at sp + 5 slots: 0x00007ffac3c68d6e jvm.dll
stack at sp + 6 slots: 0x000000f6b53fef00 is pointing into the stack for thread: 0x00000271ab496800
stack at sp + 7 slots: 0x00007ffac3d6471d jvm.dll


---------------  P R O C E S S  ---------------

Threads class SMR info:
_java_thread_list=0x00000271ab5e0ea0, length=14, elements={
0x000002718b9dd000, 0x00000271aa971000, 0x00000271aa972000, 0x00000271aa98f800,
0x00000271aa991800, 0x00000271aa992800, 0x00000271aa99c000, 0x00000271aa9a2800,
0x00000271aa9b8800, 0x00000271ab3e0800, 0x00000271ab496800, 0x00000271ab555000,
0x00000271ab568000, 0x00000271ab675000
}

Java Threads: ( => current thread )
  0x000002718b9dd000 JavaThread "main" [_thread_blocked, id=15792, stack(0x000000f6b4200000,0x000000f6b4300000)]
  0x00000271aa971000 JavaThread "Reference Handler" daemon [_thread_blocked, id=13956, stack(0x000000f6b4900000,0x000000f6b4a00000)]
  0x00000271aa972000 JavaThread "Finalizer" daemon [_thread_blocked, id=12984, stack(0x000000f6b4a00000,0x000000f6b4b00000)]
  0x00000271aa98f800 JavaThread "Signal Dispatcher" daemon [_thread_blocked, id=11000, stack(0x000000f6b4b00000,0x000000f6b4c00000)]
  0x00000271aa991800 JavaThread "Attach Listener" daemon [_thread_blocked, id=10084, stack(0x000000f6b4c00000,0x000000f6b4d00000)]
  0x00000271aa992800 JavaThread "Service Thread" daemon [_thread_blocked, id=12380, stack(0x000000f6b4d00000,0x000000f6b4e00000)]
  0x00000271aa99c000 JavaThread "C2 CompilerThread0" daemon [_thread_blocked, id=11616, stack(0x000000f6b4e00000,0x000000f6b4f00000)]
  0x00000271aa9a2800 JavaThread "C1 CompilerThread0" daemon [_thread_blocked, id=14756, stack(0x000000f6b4f00000,0x000000f6b5000000)]
  0x00000271aa9b8800 JavaThread "Sweeper thread" daemon [_thread_blocked, id=6800, stack(0x000000f6b5000000,0x000000f6b5100000)]
  0x00000271ab3e0800 JavaThread "Common-Cleaner" daemon [_thread_blocked, id=4332, stack(0x000000f6b5100000,0x000000f6b5200000)]
=>0x00000271ab496800 JavaThread "JDWP Transport Listener: dt_socket" daemon [_thread_in_vm, id=10396, stack(0x000000f6b5300000,0x000000f6b5400000)]
  0x00000271ab555000 JavaThread "JDWP Event Helper Thread" daemon [_thread_blocked, id=17424, stack(0x000000f6b5400000,0x000000f6b5500000)]
  0x00000271ab568000 JavaThread "JDWP Command Reader" daemon [_thread_in_native, id=18192, stack(0x000000f6b5500000,0x000000f6b5600000)]
  0x00000271ab675000 JavaThread "Notification Thread" daemon [_thread_blocked, id=11284, stack(0x000000f6b5600000,0x000000f6b5700000)]

Other Threads:
  0x00000271aa970000 VMThread "VM Thread" [stack: 0x000000f6b4800000,0x000000f6b4900000] [id=1932]
  0x00000271ab640800 WatcherThread [stack: 0x000000f6b5700000,0x000000f6b5800000] [id=9152]
  0x000002718ba1f800 GCTaskThread "GC Thread#0" [stack: 0x000000f6b4300000,0x000000f6b4400000] [id=17028]
  0x000002718ba31000 ConcurrentGCThread "G1 Main Marker" [stack: 0x000000f6b4400000,0x000000f6b4500000] [id=16568]
  0x000002718ba32800 ConcurrentGCThread "G1 Conc#0" [stack: 0x000000f6b4500000,0x000000f6b4600000] [id=1988]
  0x00000271aa7e5800 ConcurrentGCThread "G1 Refine#0" [stack: 0x000000f6b4600000,0x000000f6b4700000] [id=5948]
  0x00000271aa7e6800 ConcurrentGCThread "G1 Young RemSet Sampling" [stack: 0x000000f6b4700000,0x000000f6b4800000] [id=12804]

Threads with active compile tasks:

VM state:not at safepoint (normal execution)

VM Mutex/Monitor currently owned by a thread: None

Heap address: 0x0000000082800000, size: 2008 MB, Compressed Oops mode: 32-bit
Narrow klass base: 0x0000000800000000, Narrow klass shift: 3
Compressed class space size: 1073741824 Address: 0x0000000800b30000

Heap:
 garbage-first heap   total 129024K, used 6144K [0x0000000082800000, 0x0000000100000000)
  region size 1024K, 6 young (6144K), 0 survivors (0K)
 Metaspace       used 2770K, capacity 4845K, committed 5120K, reserved 1056768K
  class space    used 258K, capacity 443K, committed 512K, reserved 1048576K
Heap Regions: E=young(eden), S=young(survivor), O=old, HS=humongous(starts), HC=humongous(continues), CS=collection set, F=free, OA=open archive, CA=closed archive, TAMS=top-at-mark-start (previous, next)
|   0|0x0000000082800000, 0x0000000082900000, 0x0000000082900000|100%|HS|  |TAMS 0x0000000082800000, 0x0000000082800000| Complete 
|   1|0x0000000082900000, 0x0000000082900000, 0x0000000082a00000|  0%| F|  |TAMS 0x0000000082900000, 0x0000000082900000| Untracked 
|   2|0x0000000082a00000, 0x0000000082a00000, 0x0000000082b00000|  0%| F|  |TAMS 0x0000000082a00000, 0x0000000082a00000| Untracked 
|   3|0x0000000082b00000, 0x0000000082b00000, 0x0000000082c00000|  0%| F|  |TAMS 0x0000000082b00000, 0x0000000082b00000| Untracked 
|   4|0x0000000082c00000, 0x0000000082c00000, 0x0000000082d00000|  0%| F|  |TAMS 0x0000000082c00000, 0x0000000082c00000| Untracked 
|   5|0x0000000082d00000, 0x0000000082d00000, 0x0000000082e00000|  0%| F|  |TAMS 0x0000000082d00000, 0x0000000082d00000| Untracked 
|   6|0x0000000082e00000, 0x0000000082e00000, 0x0000000082f00000|  0%| F|  |TAMS 0x0000000082e00000, 0x0000000082e00000| Untracked 
|   7|0x0000000082f00000, 0x0000000082f00000, 0x0000000083000000|  0%| F|  |TAMS 0x0000000082f00000, 0x0000000082f00000| Untracked 
|   8|0x0000000083000000, 0x0000000083000000, 0x0000000083100000|  0%| F|  |TAMS 0x0000000083000000, 0x0000000083000000| Untracked 
|   9|0x0000000083100000, 0x0000000083100000, 0x0000000083200000|  0%| F|  |TAMS 0x0000000083100000, 0x0000000083100000| Untracked 
|  10|0x0000000083200000, 0x0000000083200000, 0x0000000083300000|  0%| F|  |TAMS 0x0000000083200000, 0x0000000083200000| Untracked 
|  11|0x0000000083300000, 0x0000000083300000, 0x0000000083400000|  0%| F|  |TAMS 0x0000000083300000, 0x0000000083300000| Untracked 
|  12|0x0000000083400000, 0x0000000083400000, 0x0000000083500000|  0%| F|  |TAMS 0x0000000083400000, 0x0000000083400000| Untracked 
|  13|0x0000000083500000, 0x0000000083500000, 0x0000000083600000|  0%| F|  |TAMS 0x0000000083500000, 0x0000000083500000| Untracked 
|  14|0x0000000083600000, 0x0000000083600000, 0x0000000083700000|  0%| F|  |TAMS 0x0000000083600000, 0x0000000083600000| Untracked 
|  15|0x0000000083700000, 0x0000000083700000, 0x0000000083800000|  0%| F|  |TAMS 0x0000000083700000, 0x0000000083700000| Untracked 
|  16|0x0000000083800000, 0x0000000083800000, 0x0000000083900000|  0%| F|  |TAMS 0x0000000083800000, 0x0000000083800000| Untracked 
|  17|0x0000000083900000, 0x0000000083900000, 0x0000000083a00000|  0%| F|  |TAMS 0x0000000083900000, 0x0000000083900000| Untracked 
|  18|0x0000000083a00000, 0x0000000083a00000, 0x0000000083b00000|  0%| F|  |TAMS 0x0000000083a00000, 0x0000000083a00000| Untracked 
|  19|0x0000000083b00000, 0x0000000083b00000, 0x0000000083c00000|  0%| F|  |TAMS 0x0000000083b00000, 0x0000000083b00000| Untracked 
|  20|0x0000000083c00000, 0x0000000083c00000, 0x0000000083d00000|  0%| F|  |TAMS 0x0000000083c00000, 0x0000000083c00000| Untracked 
|  21|0x0000000083d00000, 0x0000000083d00000, 0x0000000083e00000|  0%| F|  |TAMS 0x0000000083d00000, 0x0000000083d00000| Untracked 
|  22|0x0000000083e00000, 0x0000000083e00000, 0x0000000083f00000|  0%| F|  |TAMS 0x0000000083e00000, 0x0000000083e00000| Untracked 
|  23|0x0000000083f00000, 0x0000000083f00000, 0x0000000084000000|  0%| F|  |TAMS 0x0000000083f00000, 0x0000000083f00000| Untracked 
|  24|0x0000000084000000, 0x0000000084000000, 0x0000000084100000|  0%| F|  |TAMS 0x0000000084000000, 0x0000000084000000| Untracked 
|  25|0x0000000084100000, 0x0000000084100000, 0x0000000084200000|  0%| F|  |TAMS 0x0000000084100000, 0x0000000084100000| Untracked 
|  26|0x0000000084200000, 0x0000000084200000, 0x0000000084300000|  0%| F|  |TAMS 0x0000000084200000, 0x0000000084200000| Untracked 
|  27|0x0000000084300000, 0x0000000084300000, 0x0000000084400000|  0%| F|  |TAMS 0x0000000084300000, 0x0000000084300000| Untracked 
|  28|0x0000000084400000, 0x0000000084400000, 0x0000000084500000|  0%| F|  |TAMS 0x0000000084400000, 0x0000000084400000| Untracked 
|  29|0x0000000084500000, 0x0000000084500000, 0x0000000084600000|  0%| F|  |TAMS 0x0000000084500000, 0x0000000084500000| Untracked 
|  30|0x0000000084600000, 0x0000000084600000, 0x0000000084700000|  0%| F|  |TAMS 0x0000000084600000, 0x0000000084600000| Untracked 
|  31|0x0000000084700000, 0x0000000084700000, 0x0000000084800000|  0%| F|  |TAMS 0x0000000084700000, 0x0000000084700000| Untracked 
|  32|0x0000000084800000, 0x0000000084800000, 0x0000000084900000|  0%| F|  |TAMS 0x0000000084800000, 0x0000000084800000| Untracked 
|  33|0x0000000084900000, 0x0000000084900000, 0x0000000084a00000|  0%| F|  |TAMS 0x0000000084900000, 0x0000000084900000| Untracked 
|  34|0x0000000084a00000, 0x0000000084a00000, 0x0000000084b00000|  0%| F|  |TAMS 0x0000000084a00000, 0x0000000084a00000| Untracked 
|  35|0x0000000084b00000, 0x0000000084b00000, 0x0000000084c00000|  0%| F|  |TAMS 0x0000000084b00000, 0x0000000084b00000| Untracked 
|  36|0x0000000084c00000, 0x0000000084c00000, 0x0000000084d00000|  0%| F|  |TAMS 0x0000000084c00000, 0x0000000084c00000| Untracked 
|  37|0x0000000084d00000, 0x0000000084d00000, 0x0000000084e00000|  0%| F|  |TAMS 0x0000000084d00000, 0x0000000084d00000| Untracked 
|  38|0x0000000084e00000, 0x0000000084e00000, 0x0000000084f00000|  0%| F|  |TAMS 0x0000000084e00000, 0x0000000084e00000| Untracked 
|  39|0x0000000084f00000, 0x0000000084f00000, 0x0000000085000000|  0%| F|  |TAMS 0x0000000084f00000, 0x0000000084f00000| Untracked 
|  40|0x0000000085000000, 0x0000000085000000, 0x0000000085100000|  0%| F|  |TAMS 0x0000000085000000, 0x0000000085000000| Untracked 
|  41|0x0000000085100000, 0x0000000085100000, 0x0000000085200000|  0%| F|  |TAMS 0x0000000085100000, 0x0000000085100000| Untracked 
|  42|0x0000000085200000, 0x0000000085200000, 0x0000000085300000|  0%| F|  |TAMS 0x0000000085200000, 0x0000000085200000| Untracked 
|  43|0x0000000085300000, 0x0000000085300000, 0x0000000085400000|  0%| F|  |TAMS 0x0000000085300000, 0x0000000085300000| Untracked 
|  44|0x0000000085400000, 0x0000000085400000, 0x0000000085500000|  0%| F|  |TAMS 0x0000000085400000, 0x0000000085400000| Untracked 
|  45|0x0000000085500000, 0x0000000085500000, 0x0000000085600000|  0%| F|  |TAMS 0x0000000085500000, 0x0000000085500000| Untracked 
|  46|0x0000000085600000, 0x0000000085600000, 0x0000000085700000|  0%| F|  |TAMS 0x0000000085600000, 0x0000000085600000| Untracked 
|  47|0x0000000085700000, 0x0000000085700000, 0x0000000085800000|  0%| F|  |TAMS 0x0000000085700000, 0x0000000085700000| Untracked 
|  48|0x0000000085800000, 0x0000000085800000, 0x0000000085900000|  0%| F|  |TAMS 0x0000000085800000, 0x0000000085800000| Untracked 
|  49|0x0000000085900000, 0x0000000085900000, 0x0000000085a00000|  0%| F|  |TAMS 0x0000000085900000, 0x0000000085900000| Untracked 
|  50|0x0000000085a00000, 0x0000000085a00000, 0x0000000085b00000|  0%| F|  |TAMS 0x0000000085a00000, 0x0000000085a00000| Untracked 
|  51|0x0000000085b00000, 0x0000000085b00000, 0x0000000085c00000|  0%| F|  |TAMS 0x0000000085b00000, 0x0000000085b00000| Untracked 
|  52|0x0000000085c00000, 0x0000000085c00000, 0x0000000085d00000|  0%| F|  |TAMS 0x0000000085c00000, 0x0000000085c00000| Untracked 
|  53|0x0000000085d00000, 0x0000000085d00000, 0x0000000085e00000|  0%| F|  |TAMS 0x0000000085d00000, 0x0000000085d00000| Untracked 
|  54|0x0000000085e00000, 0x0000000085e00000, 0x0000000085f00000|  0%| F|  |TAMS 0x0000000085e00000, 0x0000000085e00000| Untracked 
|  55|0x0000000085f00000, 0x0000000085f00000, 0x0000000086000000|  0%| F|  |TAMS 0x0000000085f00000, 0x0000000085f00000| Untracked 
|  56|0x0000000086000000, 0x0000000086000000, 0x0000000086100000|  0%| F|  |TAMS 0x0000000086000000, 0x0000000086000000| Untracked 
|  57|0x0000000086100000, 0x0000000086100000, 0x0000000086200000|  0%| F|  |TAMS 0x0000000086100000, 0x0000000086100000| Untracked 
|  58|0x0000000086200000, 0x0000000086200000, 0x0000000086300000|  0%| F|  |TAMS 0x0000000086200000, 0x0000000086200000| Untracked 
|  59|0x0000000086300000, 0x0000000086300000, 0x0000000086400000|  0%| F|  |TAMS 0x0000000086300000, 0x0000000086300000| Untracked 
|  60|0x0000000086400000, 0x0000000086400000, 0x0000000086500000|  0%| F|  |TAMS 0x0000000086400000, 0x0000000086400000| Untracked 
|  61|0x0000000086500000, 0x0000000086500000, 0x0000000086600000|  0%| F|  |TAMS 0x0000000086500000, 0x0000000086500000| Untracked 
|  62|0x0000000086600000, 0x0000000086600000, 0x0000000086700000|  0%| F|  |TAMS 0x0000000086600000, 0x0000000086600000| Untracked 
|  63|0x0000000086700000, 0x0000000086700000, 0x0000000086800000|  0%| F|  |TAMS 0x0000000086700000, 0x0000000086700000| Untracked 
|  64|0x0000000086800000, 0x0000000086800000, 0x0000000086900000|  0%| F|  |TAMS 0x0000000086800000, 0x0000000086800000| Untracked 
|  65|0x0000000086900000, 0x0000000086900000, 0x0000000086a00000|  0%| F|  |TAMS 0x0000000086900000, 0x0000000086900000| Untracked 
|  66|0x0000000086a00000, 0x0000000086a00000, 0x0000000086b00000|  0%| F|  |TAMS 0x0000000086a00000, 0x0000000086a00000| Untracked 
|  67|0x0000000086b00000, 0x0000000086b00000, 0x0000000086c00000|  0%| F|  |TAMS 0x0000000086b00000, 0x0000000086b00000| Untracked 
|  68|0x0000000086c00000, 0x0000000086c00000, 0x0000000086d00000|  0%| F|  |TAMS 0x0000000086c00000, 0x0000000086c00000| Untracked 
|  69|0x0000000086d00000, 0x0000000086d00000, 0x0000000086e00000|  0%| F|  |TAMS 0x0000000086d00000, 0x0000000086d00000| Untracked 
|  70|0x0000000086e00000, 0x0000000086e00000, 0x0000000086f00000|  0%| F|  |TAMS 0x0000000086e00000, 0x0000000086e00000| Untracked 
|  71|0x0000000086f00000, 0x0000000086f00000, 0x0000000087000000|  0%| F|  |TAMS 0x0000000086f00000, 0x0000000086f00000| Untracked 
|  72|0x0000000087000000, 0x0000000087000000, 0x0000000087100000|  0%| F|  |TAMS 0x0000000087000000, 0x0000000087000000| Untracked 
|  73|0x0000000087100000, 0x0000000087100000, 0x0000000087200000|  0%| F|  |TAMS 0x0000000087100000, 0x0000000087100000| Untracked 
|  74|0x0000000087200000, 0x0000000087200000, 0x0000000087300000|  0%| F|  |TAMS 0x0000000087200000, 0x0000000087200000| Untracked 
|  75|0x0000000087300000, 0x0000000087300000, 0x0000000087400000|  0%| F|  |TAMS 0x0000000087300000, 0x0000000087300000| Untracked 
|  76|0x0000000087400000, 0x0000000087400000, 0x0000000087500000|  0%| F|  |TAMS 0x0000000087400000, 0x0000000087400000| Untracked 
|  77|0x0000000087500000, 0x0000000087500000, 0x0000000087600000|  0%| F|  |TAMS 0x0000000087500000, 0x0000000087500000| Untracked 
|  78|0x0000000087600000, 0x0000000087600000, 0x0000000087700000|  0%| F|  |TAMS 0x0000000087600000, 0x0000000087600000| Untracked 
|  79|0x0000000087700000, 0x0000000087700000, 0x0000000087800000|  0%| F|  |TAMS 0x0000000087700000, 0x0000000087700000| Untracked 
|  80|0x0000000087800000, 0x0000000087800000, 0x0000000087900000|  0%| F|  |TAMS 0x0000000087800000, 0x0000000087800000| Untracked 
|  81|0x0000000087900000, 0x0000000087900000, 0x0000000087a00000|  0%| F|  |TAMS 0x0000000087900000, 0x0000000087900000| Untracked 
|  82|0x0000000087a00000, 0x0000000087a00000, 0x0000000087b00000|  0%| F|  |TAMS 0x0000000087a00000, 0x0000000087a00000| Untracked 
|  83|0x0000000087b00000, 0x0000000087b00000, 0x0000000087c00000|  0%| F|  |TAMS 0x0000000087b00000, 0x0000000087b00000| Untracked 
|  84|0x0000000087c00000, 0x0000000087c00000, 0x0000000087d00000|  0%| F|  |TAMS 0x0000000087c00000, 0x0000000087c00000| Untracked 
|  85|0x0000000087d00000, 0x0000000087d00000, 0x0000000087e00000|  0%| F|  |TAMS 0x0000000087d00000, 0x0000000087d00000| Untracked 
|  86|0x0000000087e00000, 0x0000000087e00000, 0x0000000087f00000|  0%| F|  |TAMS 0x0000000087e00000, 0x0000000087e00000| Untracked 
|  87|0x0000000087f00000, 0x0000000087f00000, 0x0000000088000000|  0%| F|  |TAMS 0x0000000087f00000, 0x0000000087f00000| Untracked 
|  88|0x0000000088000000, 0x0000000088000000, 0x0000000088100000|  0%| F|  |TAMS 0x0000000088000000, 0x0000000088000000| Untracked 
|  89|0x0000000088100000, 0x0000000088100000, 0x0000000088200000|  0%| F|  |TAMS 0x0000000088100000, 0x0000000088100000| Untracked 
|  90|0x0000000088200000, 0x0000000088200000, 0x0000000088300000|  0%| F|  |TAMS 0x0000000088200000, 0x0000000088200000| Untracked 
|  91|0x0000000088300000, 0x0000000088300000, 0x0000000088400000|  0%| F|  |TAMS 0x0000000088300000, 0x0000000088300000| Untracked 
|  92|0x0000000088400000, 0x0000000088400000, 0x0000000088500000|  0%| F|  |TAMS 0x0000000088400000, 0x0000000088400000| Untracked 
|  93|0x0000000088500000, 0x0000000088500000, 0x0000000088600000|  0%| F|  |TAMS 0x0000000088500000, 0x0000000088500000| Untracked 
|  94|0x0000000088600000, 0x0000000088600000, 0x0000000088700000|  0%| F|  |TAMS 0x0000000088600000, 0x0000000088600000| Untracked 
|  95|0x0000000088700000, 0x0000000088700000, 0x0000000088800000|  0%| F|  |TAMS 0x0000000088700000, 0x0000000088700000| Untracked 
|  96|0x0000000088800000, 0x0000000088800000, 0x0000000088900000|  0%| F|  |TAMS 0x0000000088800000, 0x0000000088800000| Untracked 
|  97|0x0000000088900000, 0x0000000088900000, 0x0000000088a00000|  0%| F|  |TAMS 0x0000000088900000, 0x0000000088900000| Untracked 
|  98|0x0000000088a00000, 0x0000000088a00000, 0x0000000088b00000|  0%| F|  |TAMS 0x0000000088a00000, 0x0000000088a00000| Untracked 
|  99|0x0000000088b00000, 0x0000000088b00000, 0x0000000088c00000|  0%| F|  |TAMS 0x0000000088b00000, 0x0000000088b00000| Untracked 
| 100|0x0000000088c00000, 0x0000000088c00000, 0x0000000088d00000|  0%| F|  |TAMS 0x0000000088c00000, 0x0000000088c00000| Untracked 
| 101|0x0000000088d00000, 0x0000000088d00000, 0x0000000088e00000|  0%| F|  |TAMS 0x0000000088d00000, 0x0000000088d00000| Untracked 
| 102|0x0000000088e00000, 0x0000000088e00000, 0x0000000088f00000|  0%| F|  |TAMS 0x0000000088e00000, 0x0000000088e00000| Untracked 
| 103|0x0000000088f00000, 0x0000000088f00000, 0x0000000089000000|  0%| F|  |TAMS 0x0000000088f00000, 0x0000000088f00000| Untracked 
| 104|0x0000000089000000, 0x0000000089000000, 0x0000000089100000|  0%| F|  |TAMS 0x0000000089000000, 0x0000000089000000| Untracked 
| 105|0x0000000089100000, 0x0000000089100000, 0x0000000089200000|  0%| F|  |TAMS 0x0000000089100000, 0x0000000089100000| Untracked 
| 106|0x0000000089200000, 0x0000000089200000, 0x0000000089300000|  0%| F|  |TAMS 0x0000000089200000, 0x0000000089200000| Untracked 
| 107|0x0000000089300000, 0x0000000089300000, 0x0000000089400000|  0%| F|  |TAMS 0x0000000089300000, 0x0000000089300000| Untracked 
| 108|0x0000000089400000, 0x0000000089400000, 0x0000000089500000|  0%| F|  |TAMS 0x0000000089400000, 0x0000000089400000| Untracked 
| 109|0x0000000089500000, 0x0000000089500000, 0x0000000089600000|  0%| F|  |TAMS 0x0000000089500000, 0x0000000089500000| Untracked 
| 110|0x0000000089600000, 0x0000000089600000, 0x0000000089700000|  0%| F|  |TAMS 0x0000000089600000, 0x0000000089600000| Untracked 
| 111|0x0000000089700000, 0x0000000089700000, 0x0000000089800000|  0%| F|  |TAMS 0x0000000089700000, 0x0000000089700000| Untracked 
| 112|0x0000000089800000, 0x0000000089800000, 0x0000000089900000|  0%| F|  |TAMS 0x0000000089800000, 0x0000000089800000| Untracked 
| 113|0x0000000089900000, 0x0000000089900000, 0x0000000089a00000|  0%| F|  |TAMS 0x0000000089900000, 0x0000000089900000| Untracked 
| 114|0x0000000089a00000, 0x0000000089a00000, 0x0000000089b00000|  0%| F|  |TAMS 0x0000000089a00000, 0x0000000089a00000| Untracked 
| 115|0x0000000089b00000, 0x0000000089b00000, 0x0000000089c00000|  0%| F|  |TAMS 0x0000000089b00000, 0x0000000089b00000| Untracked 
| 116|0x0000000089c00000, 0x0000000089c00000, 0x0000000089d00000|  0%| F|  |TAMS 0x0000000089c00000, 0x0000000089c00000| Untracked 
| 117|0x0000000089d00000, 0x0000000089d00000, 0x0000000089e00000|  0%| F|  |TAMS 0x0000000089d00000, 0x0000000089d00000| Untracked 
| 118|0x0000000089e00000, 0x0000000089e00000, 0x0000000089f00000|  0%| F|  |TAMS 0x0000000089e00000, 0x0000000089e00000| Untracked 
| 119|0x0000000089f00000, 0x0000000089f00000, 0x000000008a000000|  0%| F|  |TAMS 0x0000000089f00000, 0x0000000089f00000| Untracked 
| 120|0x000000008a000000, 0x000000008a07e020, 0x000000008a100000| 49%| E|  |TAMS 0x000000008a000000, 0x000000008a000000| Complete 
| 121|0x000000008a100000, 0x000000008a200000, 0x000000008a200000|100%| E|CS|TAMS 0x000000008a100000, 0x000000008a100000| Complete 
| 122|0x000000008a200000, 0x000000008a300000, 0x000000008a300000|100%| E|CS|TAMS 0x000000008a200000, 0x000000008a200000| Complete 
| 123|0x000000008a300000, 0x000000008a400000, 0x000000008a400000|100%| E|CS|TAMS 0x000000008a300000, 0x000000008a300000| Complete 
| 124|0x000000008a400000, 0x000000008a500000, 0x000000008a500000|100%| E|CS|TAMS 0x000000008a400000, 0x000000008a400000| Complete 
| 125|0x000000008a500000, 0x000000008a600000, 0x000000008a600000|100%| E|CS|TAMS 0x000000008a500000, 0x000000008a500000| Complete 

Card table byte_map: [0x00000271a38b0000,0x00000271a3ca0000] _byte_map_base: 0x00000271a349c000

Marking Bits (Prev, Next): (CMBitMap*) 0x000002718ba20128, (CMBitMap*) 0x000002718ba20168
 Prev Bits: [0x00000271a4090000, 0x00000271a5ff0000)
 Next Bits: [0x00000271a5ff0000, 0x00000271a7f50000)

Polling page: 0x000002718b1c0000

Metaspace:

Usage:
  Non-class:      4.30 MB capacity,     2.45 MB ( 57%) used,     1.84 MB ( 43%) free+waste,     2.69 KB ( <1%) overhead. 
      Class:    443.00 KB capacity,   258.41 KB ( 58%) used,   183.02 KB ( 41%) free+waste,     1.56 KB ( <1%) overhead. 
       Both:      4.73 MB capacity,     2.71 MB ( 57%) used,     2.02 MB ( 43%) free+waste,     4.25 KB ( <1%) overhead. 

Virtual space:
  Non-class space:        8.00 MB reserved,       4.50 MB ( 56%) committed 
      Class space:        1.00 GB reserved,     512.00 KB ( <1%) committed 
             Both:        1.01 GB reserved,       5.00 MB ( <1%) committed 

Chunk freelists:
   Non-Class:  14.00 KB
       Class:  5.00 KB
        Both:  19.00 KB

MaxMetaspaceSize: 17179869184.00 GB
CompressedClassSpaceSize: 1.00 GB

CodeHeap 'non-profiled nmethods': size=120000Kb used=154Kb max_used=154Kb free=119845Kb
 bounds [0x000002719bc60000, 0x000002719bed0000, 0x00000271a3190000]
CodeHeap 'profiled nmethods': size=120000Kb used=624Kb max_used=624Kb free=119375Kb
 bounds [0x0000027194730000, 0x00000271949a0000, 0x000002719bc60000]
CodeHeap 'non-nmethods': size=5760Kb used=1225Kb max_used=1243Kb free=4535Kb
 bounds [0x0000027194190000, 0x0000027194400000, 0x0000027194730000]
 total_blobs=822 nmethods=438 adapters=297
 compilation: enabled
              stopped_count=0, restarted_count=0
 full_count=0

Compilation events (20 events):
Event: 65.306 Thread 0x00000271aa9a2800  433       3       org.eclipse.jdt.launching.internal.org.objectweb.asm.ClassReader::readUtf (44 bytes)
Event: 65.308 Thread 0x00000271aa9a2800 

Event: 80.147 Thread 0x00000271aa9a2800  434       3       java.lang.String::<init> (14 bytes)
Event: 80.147 Thread 0x00000271aa9a2800 nmethod 434 0x00000271947ca190 code [0x00000271947ca340, 0x00000271947ca558]
Event: 80.147 Thread 0x00000271aa9a2800  435       3       java.lang.String::rangeCheck (9 bytes)
Event: 80.149 Thread 0x00000271aa9a2800 nmethod 435 0x00000271947ca690 code [0x00000271947ca840, 0x00000271947ca968]
Event: 89.203 Thread 0x00000271aa9a2800  436       3       org.eclipse.jdt.launching.internal.org.objectweb.asm.ClassReader::getItem (7 bytes)
Event: 89.203 Thread 0x00000271aa9a2800 nmethod 436 0x00000271947caa10 code [0x00000271947caba0, 0x00000271947cacf8]
Event: 89.203 Thread 0x00000271aa9a2800  439       3       org.eclipse.jdt.launching.internal.org.objectweb.asm.ClassReader::readUtf (44 bytes)
Event: 89.206 Thread 0x00000271aa9a2800 

Event: 89.206 Thread 0x00000271aa9a2800  437       3       org.eclipse.jdt.launching.internal.org.objectweb.asm.SymbolTable::hash (10 bytes)
Event: 89.206 Thread 0x00000271aa9a2800 nmethod 437 0x00000271947cae10 code [0x00000271947cafc0, 0x00000271947cb0e8]
Event: 89.206 Thread 0x00000271aa9a2800  438       3       org.eclipse.jdt.launching.internal.org.objectweb.asm.Symbol::<init> (38 bytes)
Event: 89.206 Thread 0x00000271aa9a2800 nmethod 438 0x00000271947cb210 code [0x00000271947cb3c0, 0x00000271947cb678]
Event: 122.349 Thread 0x00000271aa9a2800  440       3       java.lang.String::<init> (74 bytes)
Event: 122.351 Thread 0x00000271aa9a2800 

Event: 122.351 Thread 0x00000271aa9a2800  441       3       org.eclipse.jdt.launching.internal.org.objectweb.asm.ClassReader::readUTF8 (23 bytes)
Event: 122.352 Thread 0x00000271aa9a2800 nmethod 441 0x00000271947cb790 code [0x00000271947cb940, 0x00000271947cbc08]
Event: 122.352 Thread 0x00000271aa9a2800  442       3       org.eclipse.jdt.launching.internal.org.objectweb.asm.SymbolTable$Entry::<init> (17 bytes)
Event: 122.352 Thread 0x00000271aa9a2800 nmethod 442 0x00000271947cbd90 code [0x00000271947cbf40, 0x00000271947cc0e8]

GC Heap History (0 events):
No events

Deoptimization events (20 events):
Event: 0.369 Thread 0x000002718b9dd000 DEOPT PACKING pc=0x00000271947ab001 sp=0x000000f6b42f8220
Event: 0.369 Thread 0x000002718b9dd000 DEOPT UNPACKING pc=0x00000271941d964e sp=0x000000f6b42f76e8 mode 0
Event: 0.372 Thread 0x000002718b9dd000 DEOPT PACKING pc=0x00000271947ab001 sp=0x000000f6b42fbd00
Event: 0.373 Thread 0x000002718b9dd000 DEOPT UNPACKING pc=0x00000271941d964e sp=0x000000f6b42fb1c8 mode 0
Event: 0.373 Thread 0x000002718b9dd000 DEOPT PACKING pc=0x00000271947ab001 sp=0x000000f6b42fbd00
Event: 0.373 Thread 0x000002718b9dd000 DEOPT UNPACKING pc=0x00000271941d964e sp=0x000000f6b42fb1c8 mode 0
Event: 0.373 Thread 0x000002718b9dd000 DEOPT PACKING pc=0x00000271947ab001 sp=0x000000f6b42fbd00
Event: 0.373 Thread 0x000002718b9dd000 DEOPT UNPACKING pc=0x00000271941d964e sp=0x000000f6b42fb1c8 mode 0
Event: 0.373 Thread 0x000002718b9dd000 DEOPT PACKING pc=0x00000271947ab001 sp=0x000000f6b42fbd00
Event: 0.373 Thread 0x000002718b9dd000 DEOPT UNPACKING pc=0x00000271941d964e sp=0x000000f6b42fb1c8 mode 0
Event: 0.390 Thread 0x000002718b9dd000 DEOPT PACKING pc=0x00000271947ab001 sp=0x000000f6b42f7e10
Event: 0.390 Thread 0x000002718b9dd000 DEOPT UNPACKING pc=0x00000271941d964e sp=0x000000f6b42f72d8 mode 0
Event: 0.390 Thread 0x000002718b9dd000 DEOPT PACKING pc=0x00000271947ab001 sp=0x000000f6b42f7e10
Event: 0.390 Thread 0x000002718b9dd000 DEOPT UNPACKING pc=0x00000271941d964e sp=0x000000f6b42f72d8 mode 0
Event: 0.391 Thread 0x000002718b9dd000 DEOPT PACKING pc=0x00000271947ab001 sp=0x000000f6b42f7e10
Event: 0.391 Thread 0x000002718b9dd000 DEOPT UNPACKING pc=0x00000271941d964e sp=0x000000f6b42f72d8 mode 0
Event: 0.391 Thread 0x000002718b9dd000 DEOPT PACKING pc=0x00000271947ab001 sp=0x000000f6b42f7e10
Event: 0.391 Thread 0x000002718b9dd000 DEOPT UNPACKING pc=0x00000271941d964e sp=0x000000f6b42f72d8 mode 0
Event: 0.392 Thread 0x000002718b9dd000 DEOPT PACKING pc=0x00000271947aadcc sp=0x000000f6b42f7e10
Event: 0.392 Thread 0x000002718b9dd000 DEOPT UNPACKING pc=0x00000271941d964e sp=0x000000f6b42f72d8 mode 0

Classes unloaded (0 events):
No events

Classes redefined (6 events):
Event: 49.517 Thread 0x00000271aa970000 redefined class name=com.basic.java.ExcerciseClass, count=1
Event: 55.973 Thread 0x00000271aa970000 redefined class name=com.basic.java.ExcerciseClass, count=2
Event: 65.307 Thread 0x00000271aa970000 redefined class name=com.basic.java.ExcerciseClass, count=3
Event: 80.148 Thread 0x00000271aa970000 redefined class name=com.basic.java.ExcerciseClass, count=4
Event: 89.204 Thread 0x00000271aa970000 redefined class name=com.basic.java.ExcerciseClass, count=5
Event: 122.350 Thread 0x00000271aa970000 redefined class name=com.basic.java.ExcerciseClass, count=6

Internal exceptions (0 events):
No events

Events (20 events):
Event: 135.696 Executing VM operation: GetFrameCount
Event: 135.696 Executing VM operation: GetFrameCount done
Event: 135.697 Executing VM operation: GetFrameCount
Event: 135.697 Executing VM operation: GetFrameCount done
Event: 135.697 Executing VM operation: GetStackTrace
Event: 135.697 Executing VM operation: GetStackTrace done
Event: 135.697 Executing VM operation: GetFrameCount
Event: 135.697 Executing VM operation: GetFrameCount done
Event: 135.697 Executing VM operation: GetOwnedMonitorInfo
Event: 135.697 Executing VM operation: GetOwnedMonitorInfo done
Event: 135.698 Executing VM operation: GetCurrentContendedMonitor
Event: 135.698 Executing VM operation: GetCurrentContendedMonitor done
Event: 135.698 Executing VM operation: GetOwnedMonitorInfo
Event: 135.698 Executing VM operation: GetOwnedMonitorInfo done
Event: 135.698 Executing VM operation: GetCurrentContendedMonitor
Event: 135.698 Executing VM operation: GetCurrentContendedMonitor done
Event: 135.699 Executing VM operation: GetCurrentContendedMonitor
Event: 135.699 Executing VM operation: GetCurrentContendedMonitor done
Event: 135.699 Executing VM operation: GetOwnedMonitorInfo
Event: 135.699 Executing VM operation: GetOwnedMonitorInfo done


Dynamic libraries:
0x00007ff778910000 - 0x00007ff77891f000 	C:\Program Files\Java\jdk-14.0.2\bin\javaw.exe
0x00007ffb4e390000 - 0x00007ffb4e586000 	C:\WINDOWS\SYSTEM32\ntdll.dll
0x00007ffb4d120000 - 0x00007ffb4d1dd000 	C:\WINDOWS\System32\KERNEL32.DLL
0x00007ffb4bca0000 - 0x00007ffb4bf69000 	C:\WINDOWS\System32\KERNELBASE.dll
0x00007ffb4bf70000 - 0x00007ffb4c070000 	C:\WINDOWS\System32\ucrtbase.dll
0x00007ffb426d0000 - 0x00007ffb426e5000 	C:\Program Files\Java\jdk-14.0.2\bin\VCRUNTIME140.dll
0x00007ffb2e260000 - 0x00007ffb2e278000 	C:\Program Files\Java\jdk-14.0.2\bin\jli.dll
0x00007ffb4c470000 - 0x00007ffb4c51c000 	C:\WINDOWS\System32\ADVAPI32.dll
0x00007ffb4df30000 - 0x00007ffb4dfce000 	C:\WINDOWS\System32\msvcrt.dll
0x00007ffb4cff0000 - 0x00007ffb4d08c000 	C:\WINDOWS\System32\sechost.dll
0x00007ffb4dbb0000 - 0x00007ffb4dcdb000 	C:\WINDOWS\System32\RPCRT4.dll
0x00007ffb4cc70000 - 0x00007ffb4ce10000 	C:\WINDOWS\System32\USER32.dll
0x00007ffb30c70000 - 0x00007ffb30f0b000 	C:\WINDOWS\WinSxS\amd64_microsoft.windows.common-controls_6595b64144ccf1df_6.0.19041.746_none_ca02b4b61b8320a4\COMCTL32.dll
0x00007ffb4c230000 - 0x00007ffb4c252000 	C:\WINDOWS\System32\win32u.dll
0x00007ffb4d090000 - 0x00007ffb4d0ba000 	C:\WINDOWS\System32\GDI32.dll
0x00007ffb4c2e0000 - 0x00007ffb4c3eb000 	C:\WINDOWS\System32\gdi32full.dll
0x00007ffb4bb80000 - 0x00007ffb4bc1d000 	C:\WINDOWS\System32\msvcp_win.dll
0x00007ffb4a9c0000 - 0x00007ffb4a9ca000 	C:\WINDOWS\SYSTEM32\VERSION.dll
0x00007ffb4ce10000 - 0x00007ffb4ce40000 	C:\WINDOWS\System32\IMM32.DLL
0x00007ffb09000000 - 0x00007ffb0909b000 	C:\Program Files\Java\jdk-14.0.2\bin\msvcp140.dll
0x00007ffac3b60000 - 0x00007ffac467e000 	C:\Program Files\Java\jdk-14.0.2\bin\server\jvm.dll
0x00007ffb4ddf0000 - 0x00007ffb4ddf8000 	C:\WINDOWS\System32\PSAPI.DLL
0x00007ffb43250000 - 0x00007ffb43259000 	C:\WINDOWS\SYSTEM32\WSOCK32.dll
0x00007ffb431b0000 - 0x00007ffb431d7000 	C:\WINDOWS\SYSTEM32\WINMM.dll
0x00007ffb4de00000 - 0x00007ffb4de6b000 	C:\WINDOWS\System32\WS2_32.dll
0x00007ffb4a980000 - 0x00007ffb4a992000 	C:\WINDOWS\SYSTEM32\kernel.appcore.dll
0x00007ffb426a0000 - 0x00007ffb426aa000 	C:\Program Files\Java\jdk-14.0.2\bin\jimage.dll
0x00007ffb464c0000 - 0x00007ffb466a4000 	C:\WINDOWS\SYSTEM32\DBGHELP.DLL
0x00007ffb41590000 - 0x00007ffb415bc000 	C:\WINDOWS\SYSTEM32\dbgcore.DLL
0x00007ffb4bc20000 - 0x00007ffb4bca0000 	C:\WINDOWS\System32\bcryptPrimitives.dll
0x00007ffb2e1d0000 - 0x00007ffb2e208000 	C:\Program Files\Java\jdk-14.0.2\bin\jdwp.dll
0x00007ffb2e110000 - 0x00007ffb2e135000 	C:\Program Files\Java\jdk-14.0.2\bin\java.dll
0x00007ffb403e0000 - 0x00007ffb403ee000 	C:\Program Files\Java\jdk-14.0.2\bin\instrument.dll
0x00007ffb275f0000 - 0x00007ffb27606000 	C:\Program Files\Java\jdk-14.0.2\bin\zip.dll
0x00007ffb4c520000 - 0x00007ffb4cc62000 	C:\WINDOWS\System32\SHELL32.dll
0x00007ffb4a190000 - 0x00007ffb4a920000 	C:\WINDOWS\SYSTEM32\windows.storage.dll
0x00007ffb4d780000 - 0x00007ffb4dad6000 	C:\WINDOWS\System32\combase.dll
0x00007ffb4b530000 - 0x00007ffb4b55c000 	C:\WINDOWS\SYSTEM32\Wldp.dll
0x00007ffb4daf0000 - 0x00007ffb4db9e000 	C:\WINDOWS\System32\SHCORE.dll
0x00007ffb4d0c0000 - 0x00007ffb4d115000 	C:\WINDOWS\System32\shlwapi.dll
0x00007ffb4ba00000 - 0x00007ffb4ba26000 	C:\WINDOWS\SYSTEM32\profapi.dll
0x00007ffb3ff70000 - 0x00007ffb3ff7b000 	C:\Program Files\Java\jdk-14.0.2\bin\dt_socket.dll
0x00007ffb4af50000 - 0x00007ffb4af8b000 	C:\WINDOWS\SYSTEM32\IPHLPAPI.DLL
0x00007ffb4b2b0000 - 0x00007ffb4b31a000 	C:\WINDOWS\system32\mswsock.dll
0x00007ffb4afa0000 - 0x00007ffb4b06b000 	C:\WINDOWS\SYSTEM32\DNSAPI.dll
0x00007ffb4dae0000 - 0x00007ffb4dae8000 	C:\WINDOWS\System32\NSI.dll
0x00007ffb3df90000 - 0x00007ffb3df9a000 	C:\Windows\System32\rasadhlp.dll
0x00007ffb3ed50000 - 0x00007ffb3edcf000 	C:\WINDOWS\System32\fwpuclnt.dll
0x00007ffb4c260000 - 0x00007ffb4c287000 	C:\WINDOWS\System32\bcrypt.dll
0x00007ffb275d0000 - 0x00007ffb275e9000 	C:\Program Files\Java\jdk-14.0.2\bin\net.dll
0x00007ffb3edd0000 - 0x00007ffb3eed0000 	C:\WINDOWS\SYSTEM32\WINHTTP.dll
0x00007ffb275b0000 - 0x00007ffb275c2000 	C:\Program Files\Java\jdk-14.0.2\bin\nio.dll
0x00007ffb3e4d0000 - 0x00007ffb3e4e0000 	C:\Program Files\Java\jdk-14.0.2\bin\verify.dll

dbghelp: loaded successfully - version: 4.0.5 - missing functions: none
symbol engine: initialized successfully - sym options: 0x614 - pdb path: .;C:\Program Files\Java\jdk-14.0.2\bin;C:\WINDOWS\SYSTEM32;C:\WINDOWS\WinSxS\amd64_microsoft.windows.common-controls_6595b64144ccf1df_6.0.19041.746_none_ca02b4b61b8320a4;C:\Program Files\Java\jdk-14.0.2\bin\server

VM Arguments:
jvm_args: -XX:+ShowCodeDetailsInExceptionMessages -agentlib:jdwp=transport=dt_socket,suspend=y,address=localhost:53970 -javaagent:C:\Users\villu\eclipse\jee-2020-06\eclipse\configuration\org.eclipse.osgi\1096\0\.cp\lib\javaagent-shaded.jar -Dfile.encoding=Cp1252 
java_command: com.basic.java.ExcerciseClass
java_class_path (initial): C:\Users\villu\git\JavaProject\JavaProject\bin;C:\Users\villu\Downloads\selenium-server-standalone-3.141.59.jar;C:\Users\villu\Downloads\mysql-connector-java-8.0.21.jar;C:\Users\villu\.p2\pool\plugins\org.testng_7.3.0.r202008060316.jar;C:\Users\villu\.p2\pool\plugins\com.beust.jcommander_1.78.0.jar;C:\Users\villu\.p2\pool\plugins\org.apache-extras.beanshell.bsh_2.0.0.b6.jar;C:\Users\villu\.p2\pool\plugins\org.yaml.snakeyaml_1.21.0.jar;C:\Users\villu\Downloads\json-simple-1.1.1.jar;C:\Users\villu\Downloads\poi-4.1.2\lib\log4j-1.2.17.jar
Launcher Type: SUN_STANDARD

[Global flags]
     intx CICompilerCount                          = 4                                         {product} {ergonomic}
     uint ConcGCThreads                            = 2                                         {product} {ergonomic}
     uint G1ConcRefinementThreads                  = 8                                         {product} {ergonomic}
   size_t G1HeapRegionSize                         = 1048576                                   {product} {ergonomic}
    uintx GCDrainStackTargetSize                   = 64                                        {product} {ergonomic}
   size_t InitialHeapSize                          = 132120576                                 {product} {ergonomic}
   size_t MarkStackSize                            = 4194304                                   {product} {ergonomic}
   size_t MaxHeapSize                              = 2105540608                                {product} {ergonomic}
   size_t MaxNewSize                               = 1262485504                                {product} {ergonomic}
   size_t MinHeapDeltaBytes                        = 1048576                                   {product} {ergonomic}
   size_t MinHeapSize                              = 8388608                                   {product} {ergonomic}
    uintx NonNMethodCodeHeapSize                   = 5839372                                {pd product} {ergonomic}
    uintx NonProfiledCodeHeapSize                  = 122909434                              {pd product} {ergonomic}
    uintx ProfiledCodeHeapSize                     = 122909434                              {pd product} {ergonomic}
    uintx ReservedCodeCacheSize                    = 251658240                              {pd product} {ergonomic}
     bool SegmentedCodeCache                       = true                                      {product} {ergonomic}
     bool ShowCodeDetailsInExceptionMessages       = true                                   {manageable} {command line}
   size_t SoftMaxHeapSize                          = 2105540608                             {manageable} {ergonomic}
     bool UseCompressedClassPointers               = true                                 {lp64_product} {ergonomic}
     bool UseCompressedOops                        = true                                 {lp64_product} {ergonomic}
     bool UseG1GC                                  = true                                      {product} {ergonomic}
     bool UseLargePagesIndividualAllocation        = false                                  {pd product} {ergonomic}

Logging:
Log output configuration:
 #0: stdout all=warning uptime,level,tags
 #1: stderr all=off uptime,level,tags

Environment Variables:
JAVA_HOME=C:\Program Files\Java\jdk-11
PATH=C:/Program Files/Java/jdk-11/bin/server;C:/Program Files/Java/jdk-11/bin;C:\Windows\system32;C:\Windows;C:\Windows\System32\Wbem;C:\Windows\System32\WindowsPowerShell\v1.0\;C:\Windows\System32\OpenSSH\;C:\Program Files (x86)\NVIDIA Corporation\PhysX\Common;C:\Program Files\NVIDIA Corporation\NVIDIA NvDLISR;C:\WINDOWS\system32;C:\WINDOWS;C:\WINDOWS\System32\Wbem;C:\WINDOWS\System32\WindowsPowerShell\v1.0\;C:\WINDOWS\System32\OpenSSH\;C:\Program Files\Java\jdk-11\bin;C:\Users\villu\Downloads\apache-maven-3.6.3\bin;C:\Users\villu\softwares and jars;C:\Program Files\nodejs\;C:\ProgramData\chocolatey\bin;C:\Program Files\Git\cmd;C:\Users\villu\AppData\Local\Programs\Python\Python38-32\Scripts\;C:\Users\villu\AppData\Local\Programs\Python\Python38-32\;C:\Users\villu\AppData\Local\Microsoft\WindowsApps;C:\Users\villu\AppData\Roaming\npm;C:\Users\villu\AppData\Local\Programs\Microsoft VS Code\bin;C:\Program Files\JetBrains\PyCharm Community Edition 2020.2\bin;;C:\WINDOWS\System32;
USERNAME=villu
OS=Windows_NT
PROCESSOR_IDENTIFIER=Intel64 Family 6 Model 158 Stepping 10, GenuineIntel



---------------  S Y S T E M  ---------------

OS: Windows 10 , 64 bit Build 19041 (10.0.19041.804)
OS uptime: 6 days 23:24 hours

CPU:total 8 (initial active 8) (4 cores per cpu, 2 threads per core) family 6 model 158 stepping 10, cmov, cx8, fxsr, mmx, sse, sse2, sse3, ssse3, sse4.1, sse4.2, popcnt, avx, avx2, aes, clmul, erms, 3dnowpref, lzcnt, ht, tsc, tscinvbit, bmi1, bmi2, adx, fma

Memory: 4k page, system-wide physical 8029M (2238M free)
TotalPageFile size 13149M (AvailPageFile size 3202M)
current process WorkingSet (physical memory assigned to process): 42M, peak: 44M
current process commit charge ("private bytes"): 214M, peak: 216M

vm_info: Java HotSpot(TM) 64-Bit Server VM (14.0.2+12-46) for windows-amd64 JRE (14.0.2+12-46), built on Jul  9 2020 00:35:52 by "mach5one" with MS VC++ 15.9 (VS2017)

END.
