2021-01-18 10:42:42 ERROR Logger_Roling:14 - error
2021-01-18 10:42:42 DEBUG Logger_Roling:15 - debug
2021-01-18 10:42:42 FATAL Logger_Roling:16 - fatal
2021-01-18 10:42:42 INFO  Logger_Roling:17 - info
2021-01-18 10:42:42 WARN  Logger_Roling:18 - warn
2021-01-18 10:49:46 ERROR Logger_Roling:15 - error
2021-01-18 10:49:46 DEBUG Logger_Roling:16 - debug
2021-01-18 10:49:46 FATAL Logger_Roling:17 - fatal
2021-01-18 10:49:46 INFO  Logger_Roling:18 - info
2021-01-18 10:49:46 WARN  Logger_Roling:19 - warn
2021-01-18 11:29:57 ERROR Logger_Roling:15 - error
2021-01-18 11:29:57 DEBUG Logger_Roling:16 - debug
2021-01-18 11:29:57 FATAL Logger_Roling:17 - fatal
2021-01-18 11:29:57 INFO  Logger_Roling:18 - info
2021-01-18 11:29:57 WARN  Logger_Roling:19 - warn
2021-01-18 11:29:57 ERROR Logger_Roling:15 - error
2021-01-18 11:29:57 DEBUG Logger_Roling:16 - debug
2021-01-18 11:29:57 FATAL Logger_Roling:17 - fatal
2021-01-18 11:29:57 INFO  Logger_Roling:18 - info
2021-01-18 11:29:57 WARN  Logger_Roling:19 - warn
2021-01-18 11:31:04 ERROR Logger_Roling:15 - error
2021-01-18 11:31:04 DEBUG Logger_Roling:16 - debug
2021-01-18 11:31:04 FATAL Logger_Roling:17 - fatal
2021-01-18 11:31:04 INFO  Logger_Roling:18 - info
2021-01-18 11:31:04 WARN  Logger_Roling:19 - warn
2021-01-19 11:49:46 ERROR BaiscLogger:12 - error
2021-01-19 11:49:46 DEBUG BaiscLogger:13 - debug
2021-01-19 11:49:46 FATAL BaiscLogger:14 - fatal
2021-01-19 11:49:46 INFO  BaiscLogger:15 - info
2021-01-19 11:49:46 WARN  BaiscLogger:16 - warn
2021-01-19 11:49:56 ERROR Logger_Roling:15 - error
2021-01-19 11:49:56 DEBUG Logger_Roling:16 - debug
2021-01-19 11:49:56 FATAL Logger_Roling:17 - fatal
2021-01-19 11:49:56 INFO  Logger_Roling:18 - info
2021-01-19 11:49:56 WARN  Logger_Roling:19 - warn
